Build started 15/03/2016 19:45:51.
     1>Project "C:\Users\Rustam\Projetos\VisualStudio\Projects\ShadingTest\ShadingTest\ShadingTest.vcxproj" on node 2 (Rebuild target(s)).
     1>ClCompile:
         C:\Program Files (x86)\Microsoft Visual Studio 12.0\VC\bin\CL.exe /c /ZI /nologo /W3 /WX- /sdl /Od /Oy- /D WIN32 /D _DEBUG /D _CONSOLE /D _LIB /D _UNICODE /D UNICODE /Gm /EHsc /RTC1 /MDd /GS /fp:precise /Zc:wchar_t /Zc:forScope /Fo"Debug\\" /Fd"Debug\vc120.pdb" /Gd /TP /analyze- /errorReport:prompt Source.cpp
         Source.cpp
       Link:
         C:\Program Files (x86)\Microsoft Visual Studio 12.0\VC\bin\link.exe /ERRORREPORT:PROMPT /OUT:"C:\Users\Rustam\Projetos\VisualStudio\Projects\ShadingTest\Debug\ShadingTest.exe" /INCREMENTAL /NOLOGO kernel32.lib user32.lib gdi32.lib winspool.lib comdlg32.lib advapi32.lib shell32.lib ole32.lib oleaut32.lib uuid.lib odbc32.lib odbccp32.lib /MANIFEST /MANIFESTUAC:"level='asInvoker' uiAccess='false'" /manifest:embed /DEBUG /PDB:"C:\Users\Rustam\Projetos\VisualStudio\Projects\ShadingTest\Debug\ShadingTest.pdb" /SUBSYSTEM:CONSOLE /TLBID:1 /DYNAMICBASE /NXCOMPAT /IMPLIB:"C:\Users\Rustam\Projetos\VisualStudio\Projects\ShadingTest\Debug\ShadingTest.lib" /MACHINE:X86 Debug\Source.obj
     1>Source.obj : error LNK2019: unresolved external symbol __imp__glewInit@0 referenced in function _main
     1>C:\Users\Rustam\Projetos\VisualStudio\Projects\ShadingTest\Debug\ShadingTest.exe : fatal error LNK1120: 1 unresolved externals
     1>Done Building Project "C:\Users\Rustam\Projetos\VisualStudio\Projects\ShadingTest\ShadingTest\ShadingTest.vcxproj" (Rebuild target(s)) -- FAILED.

Build FAILED.

Time Elapsed 00:00:00.74
